Discrepancy Report Results

Summary
FATAL: BAD_LOCUS_TAG_FORMAT:1 locus tags are incorrectly formatted.
DISC_SOURCE_QUALS_ASNDISC:strain (all present, all unique)
DISC_SOURCE_QUALS_ASNDISC:taxname (all present, all unique)
DISC_FEATURE_COUNT:gene: 1 present
DISC_FEATURE_COUNT:CDS: 1 present
DISC_COUNT_NUCLEOTIDES:1 nucleotide Bioseqs are present
SUSPECT_PRODUCT_NAMES:1 product_names contain suspect phrase or characters
	FATAL: Possible parsing error or incorrect formatting; remove inappropriate symbols
		1 features contains 'genome'
DISC_QUALITY_SCORES:Quality scores are missing on all sequences.
ONCALLER_COMMENT_PRESENT:1 comment descriptors were found (all same)
MISSING_GENOMEASSEMBLY_COMMENTS:1 bioseqs are missing GenomeAssembly structured comments
MOLTYPE_NOT_MRNA:1 molecule types are not set as mRNA.
TECHNIQUE_NOT_TSA:1 technique are not set as TSA
MISSING_STRUCTURED_COMMENT:1 sequences do not include structured comments.
MISSING_PROJECT:2 sequences do not include project.
DISC_INCONSISTENT_MOLINFO_TECH:Molinfo Technique Report (some missing, all same)


Detailed Report

FATAL: DiscRep_ALL:BAD_LOCUS_TAG_FORMAT::1 locus tags are incorrectly formatted.
annotation/KF041234.1/KF041234.1:Gene	KF041234.1_00001	KF041234.1_1:139-10272	KF041234.1_00001

DiscRep_ALL:DISC_SOURCE_QUALS_ASNDISC::strain (all present, all unique)
DiscRep_SUB:DISC_SOURCE_QUALS_ASNDISC::1 sources have unique values for strain
DiscRep_ALL:DISC_SOURCE_QUALS_ASNDISC::taxname (all present, all unique)
DiscRep_SUB:DISC_SOURCE_QUALS_ASNDISC::1 sources have unique values for taxname
DiscRep_ALL:DISC_FEATURE_COUNT::gene: 1 present
DiscRep_ALL:DISC_FEATURE_COUNT::CDS: 1 present
DiscRep_ALL:DISC_COUNT_NUCLEOTIDES::1 nucleotide Bioseqs are present
annotation/KF041234.1/KF041234.1:YourCenter:KF041234.1_1 (length 10723)

DiscRep_ALL:SUSPECT_PRODUCT_NAMES::1 product_names contain suspect phrase or characters
FATAL: DiscRep_SUB:SUSPECT_PRODUCT_NAMES::Possible  error or incorr incorrect formatting; remove inappropriate symbols
DiscRep_SUB:SUSPECT_PRODUCT_NAMES::1 features contains 'genome'
annotation/KF041234.1/KF041234.1:CDS	Genome polyprotein	KF041234.1_1:139-10272	KF041234.1_00001

DiscRep_ALL:DISC_QUALITY_SCORES::Quality scores are missing on all sequences.

DiscRep_ALL:ONCALLER_COMMENT_PRESENT::1 comment descriptors were found (all same)
annotation/KF041234.1/KF041234.1:YourCenter:KF041234.1_1:Annotated using prokka 1.14.6 from https://github.com/tseemann/prokka

DiscRep_ALL:MISSING_GENOMEASSEMBLY_COMMENTS::1 bioseqs are missing GenomeAssembly structured comments
annotation/KF041234.1/KF041234.1:YourCenter:KF041234.1_1 (length 10723)

DiscRep_ALL:MOLTYPE_NOT_MRNA::1 molecule types are not set as mRNA.
annotation/KF041234.1/KF041234.1:YourCenter:KF041234.1_1 (length 10723)

DiscRep_ALL:TECHNIQUE_NOT_TSA::1 technique are not set as TSA
annotation/KF041234.1/KF041234.1:YourCenter:KF041234.1_1 (length 10723)

DiscRep_ALL:MISSING_STRUCTURED_COMMENT::1 sequences do not include structured comments.
annotation/KF041234.1/KF041234.1:YourCenter:KF041234.1_1 (length 10723)

DiscRep_ALL:MISSING_PROJECT::2 sequences do not include project.
annotation/KF041234.1/KF041234.1:YourCenter:KF041234.1_1 (length 10723)
annotation/KF041234.1/KF041234.1:YourCenter:KF041234.1_00001 (length 3377)

DiscRep_ALL:DISC_INCONSISTENT_MOLINFO_TECH::Molinfo Technique Report (some missing, all same)
DiscRep_SUB:DISC_INCONSISTENT_MOLINFO_TECH::technique (all missing)
DiscRep_SUB:DISC_INCONSISTENT_MOLINFO_TECH::1 Molinfos are missing field technique
annotation/KF041234.1/KF041234.1:YourCenter:KF041234.1_1 (length 10723)

