[14:16:12] This is prokka 1.14.6
[14:16:12] Written by Torsten Seemann <torsten.seemann@gmail.com>
[14:16:12] Homepage is https://github.com/tseemann/prokka
[14:16:12] Local time is Tue Mar 19 14:16:12 2024
[14:16:12] You are farah
[14:16:12] Operating system is linux
[14:16:12] You have BioPerl 1.7.8
[14:16:12] System has 2 cores.
[14:16:12] Will use maximum of 2 cores.
[14:16:12] Annotating as >>> Viruses <<<
[14:16:12] Enabling options to ensure Genbank/ENA/DDJB submission compliance.
[14:16:12] Creating new output folder: annotation/KF041236.1
[14:16:12] Running: mkdir -p annotation\/KF041236\.1
[14:16:12] Using filename prefix: KF041236.1.XXX
[14:16:12] Setting HMMER_NCPU=1
[14:16:12] Writing log to: annotation/KF041236.1/KF041236.1.log
[14:16:12] Command: /home/farah/miniconda3/envs/pipeline/bin/prokka --cpus 2 --kingdom Virus --locustag KF041236.1 --addgenes --outdir annotation/KF041236.1 --prefix KF041236.1 --centre YourCenter --compliant /home/farah/Pipeline/multiple_sequence_alignment/fasta/KF041236.1.fasta
[14:16:12] Appending to PATH: /home/farah/miniconda3/envs/pipeline/bin
[14:16:12] Looking for 'aragorn' - found /home/farah/miniconda3/envs/pipeline/bin/aragorn
[14:16:12] Determined aragorn version is 001002 from 'ARAGORN v1.2.41 Dean Laslett'
[14:16:12] Looking for 'barrnap' - found /home/farah/miniconda3/envs/pipeline/bin/barrnap
[14:16:12] Determined barrnap version is 000009 from 'barrnap 0.9'
[14:16:12] Looking for 'blastp' - found /home/farah/miniconda3/envs/pipeline/bin/blastp
[14:16:12] Determined blastp version is 002014 from 'blastp: 2.14.1+'
[14:16:12] Looking for 'cmpress' - found /home/farah/miniconda3/envs/pipeline/bin/cmpress
[14:16:12] Determined cmpress version is 001001 from '# INFERNAL 1.1.4 (Dec 2020)'
[14:16:12] Looking for 'cmscan' - found /home/farah/miniconda3/envs/pipeline/bin/cmscan
[14:16:12] Determined cmscan version is 001001 from '# INFERNAL 1.1.4 (Dec 2020)'
[14:16:12] Looking for 'egrep' - found /usr/bin/egrep
[14:16:12] Looking for 'find' - found /usr/bin/find
[14:16:12] Looking for 'grep' - found /usr/bin/grep
[14:16:12] Looking for 'hmmpress' - found /home/farah/miniconda3/envs/pipeline/bin/hmmpress
[14:16:12] Determined hmmpress version is 003004 from '# HMMER 3.4 (Aug 2023); http://hmmer.org/'
[14:16:12] Looking for 'hmmscan' - found /home/farah/miniconda3/envs/pipeline/bin/hmmscan
[14:16:12] Determined hmmscan version is 003004 from '# HMMER 3.4 (Aug 2023); http://hmmer.org/'
[14:16:12] Looking for 'java' - found /home/farah/miniconda3/envs/pipeline/bin/java
[14:16:12] Looking for 'makeblastdb' - found /home/farah/miniconda3/envs/pipeline/bin/makeblastdb
[14:16:12] Determined makeblastdb version is 002014 from 'makeblastdb: 2.14.1+'
[14:16:12] Looking for 'minced' - found /home/farah/miniconda3/envs/pipeline/bin/minced
[14:16:12] Determined minced version is 004002 from 'minced 0.4.2'
[14:16:12] Looking for 'parallel' - found /home/farah/miniconda3/envs/pipeline/bin/parallel
[14:16:12] Determined parallel version is 20231122 from 'GNU parallel 20231122'
[14:16:12] Looking for 'prodigal' - found /home/farah/miniconda3/envs/pipeline/bin/prodigal
[14:16:12] Determined prodigal version is 002006 from 'Prodigal V2.6.3: February, 2016'
[14:16:12] Looking for 'prokka-genbank_to_fasta_db' - found /home/farah/miniconda3/envs/pipeline/bin/prokka-genbank_to_fasta_db
[14:16:12] Looking for 'sed' - found /usr/bin/sed
[14:16:12] Looking for 'tbl2asn' - found /home/farah/miniconda3/envs/pipeline/bin/tbl2asn
[14:16:12] Determined tbl2asn version is 025007 from 'tbl2asn 25.7   arguments:'
[14:16:12] Using genetic code table 1.
[14:16:12] Loading and checking input file: /home/farah/Pipeline/multiple_sequence_alignment/fasta/KF041236.1.fasta
[14:16:12] Wrote 1 contigs totalling 10723 bp.
[14:16:12] Predicting tRNAs and tmRNAs
[14:16:12] Running: aragorn -l -gc1  -w annotation\/KF041236\.1\/KF041236\.1\.fna
[14:16:12] Found 0 tRNAs
[14:16:12] Disabling rRNA search: --kingdom=Viruses or --norrna=0
[14:16:12] Skipping ncRNA search, enable with --rfam if desired.
[14:16:12] Total of 0 tRNA + rRNA features
[14:16:12] Searching for CRISPR repeats
[14:16:13] Found 0 CRISPRs
[14:16:13] Predicting coding sequences
[14:16:13] Contigs total 10723 bp, so using meta mode
[14:16:13] Running: prodigal -i annotation\/KF041236\.1\/KF041236\.1\.fna -c -m -g 1 -p meta -f sco -q
[14:16:13] Found 1 CDS
[14:16:13] Connecting features back to sequences
[14:16:13] Not using genus-specific database. Try --usegenus to enable it.
[14:16:13] Annotating CDS, please be patient.
[14:16:13] Will use 2 CPUs for similarity searching.
[14:16:13] There are still 1 unannotated CDS left (started with 1)
[14:16:13] Will use blast to search against /home/farah/miniconda3/envs/pipeline/db/kingdom/Viruses/sprot with 2 CPUs
[14:16:13] Running: cat annotation\/KF041236\.1\/KF041236\.1\.sprot\.tmp\.10233\.faa | parallel --gnu --plain -j 2 --block 845 --recstart '>' --pipe blastp -query - -db /home/farah/miniconda3/envs/pipeline/db/kingdom/Viruses/sprot -evalue 1e-09 -qcov_hsp_perc 80 -num_threads 1 -num_descriptions 1 -num_alignments 1 -seg no > annotation\/KF041236\.1\/KF041236\.1\.sprot\.tmp\.10233\.blast 2> /dev/null
[14:16:13] Deleting unwanted file: annotation/KF041236.1/KF041236.1.sprot.tmp.10233.faa
[14:16:13] Deleting unwanted file: annotation/KF041236.1/KF041236.1.sprot.tmp.10233.blast
[14:16:13] Found 0 unique /gene codes.
[14:16:13] Fixed 0 colliding /gene names.
[14:16:13] Adding /locus_tag identifiers
[14:16:13] Assigned 1 locus_tags to CDS and RNA features.
[14:16:13] Writing outputs to annotation/KF041236.1/
[14:16:13] Generating annotation statistics file
[14:16:13] Generating Genbank and Sequin files
[14:16:13] Running: tbl2asn -V b -a r10k -l paired-ends -M n -N 1 -y 'Annotated using prokka 1.14.6 from https://github.com/tseemann/prokka' -Z annotation\/KF041236\.1\/KF041236\.1\.err -i annotation\/KF041236\.1\/KF041236\.1\.fsa 2> /dev/null
[14:16:14] Deleting unwanted file: annotation/KF041236.1/errorsummary.val
[14:16:14] Deleting unwanted file: annotation/KF041236.1/KF041236.1.dr
[14:16:14] Deleting unwanted file: annotation/KF041236.1/KF041236.1.fixedproducts
[14:16:14] Deleting unwanted file: annotation/KF041236.1/KF041236.1.ecn
[14:16:14] Deleting unwanted file: annotation/KF041236.1/KF041236.1.val
[14:16:14] Repairing broken .GBK output that tbl2asn produces...
[14:16:14] Running: sed 's/COORDINATES: profile/COORDINATES:profile/' < annotation\/KF041236\.1\/KF041236\.1\.gbf > annotation\/KF041236\.1\/KF041236\.1\.gbk
[14:16:14] Deleting unwanted file: annotation/KF041236.1/KF041236.1.gbf
[14:16:14] Output files:
[14:16:14] annotation/KF041236.1/KF041236.1.ffn
[14:16:14] annotation/KF041236.1/KF041236.1.fsa
[14:16:14] annotation/KF041236.1/KF041236.1.tbl
[14:16:14] annotation/KF041236.1/KF041236.1.gbk
[14:16:14] annotation/KF041236.1/KF041236.1.err
[14:16:14] annotation/KF041236.1/KF041236.1.faa
[14:16:14] annotation/KF041236.1/KF041236.1.tsv
[14:16:14] annotation/KF041236.1/KF041236.1.txt
[14:16:14] annotation/KF041236.1/KF041236.1.sqn
[14:16:14] annotation/KF041236.1/KF041236.1.log
[14:16:14] annotation/KF041236.1/KF041236.1.fna
[14:16:14] annotation/KF041236.1/KF041236.1.gff
[14:16:14] Annotation finished successfully.
[14:16:14] Walltime used: 0.03 minutes
[14:16:14] If you use this result please cite the Prokka paper:
[14:16:14] Seemann T (2014) Prokka: rapid prokaryotic genome annotation. Bioinformatics. 30(14):2068-9.
[14:16:14] Type 'prokka --citation' for more details.
[14:16:14] Thank you, come again.
